app/build/intermediates/manifest_merge_blame_file/debug/processDebugMainManifest/manifest-merger-blame-debug-report.txt
1<?xml version="1.0" encoding="utf-8"?>
2<manifest xmlns:android="http://schemas.android.com/apk/res/android"
3    package="com.example.snackordering"
4    android:versionCode="1"
5    android:versionName="1.0" >
6
7    <uses-sdk
8        android:minSdkVersion="22"
9        android:targetSdkVersion="33" />
10
11    <application
11-->src\main\AndroidManifest.xml:5:5-44:19
12        android:allowBackup="true"
12-->src\main\AndroidManifest.xml:6:9-35
13        android:appComponentFactory="androidx.core.app.CoreComponentFactory"
13-->[androidx.core:core:1.7.0] AndroidManifest.xml:24:18-86
14        android:dataExtractionRules="@xml/data_extraction_rules"
14-->src\main\AndroidManifest.xml:7:9-65
15        android:debuggable="true"
16        android:extractNativeLibs="true"
17        android:fullBackupContent="@xml/backup_rules"
17-->src\main\AndroidManifest.xml:8:9-54
18        android:icon="@drawable/icon"
18-->src\main\AndroidManifest.xml:9:9-38
19        android:label="@string/app_name"
19-->src\main\AndroidManifest.xml:10:9-41
20        android:supportsRtl="true"
20-->src\main\AndroidManifest.xml:11:9-35
21        android:testOnly="true"
22        android:theme="@style/Theme.SnackOrdering" >
22-->src\main\AndroidManifest.xml:12:9-51
23        <activity
23-->src\main\AndroidManifest.xml:14:9-18:58
24            android:name="com.example.snackordering.AdminActivity"
24-->src\main\AndroidManifest.xml:15:13-42
25            android:exported="true"
25-->src\main\AndroidManifest.xml:16:13-36
26            android:label="@string/title_activity_admin"
26-->src\main\AndroidManifest.xml:17:13-57
27            android:theme="@style/Theme.SnackOrdering" />
27-->src\main\AndroidManifest.xml:18:13-55
28        <activity
28-->src\main\AndroidManifest.xml:19:9-28:20
29            android:name="com.example.snackordering.LoginActivity"
29-->src\main\AndroidManifest.xml:20:13-42
30            android:exported="true"
30-->src\main\AndroidManifest.xml:21:13-36
31            android:theme="@style/Theme.SnackOrdering" >
31-->src\main\AndroidManifest.xml:22:13-55
32            <intent-filter>
32-->src\main\AndroidManifest.xml:23:13-27:29
33                <action android:name="android.intent.action.MAIN" />
33-->src\main\AndroidManifest.xml:24:17-69
33-->src\main\AndroidManifest.xml:24:25-66
34
35                <category android:name="android.intent.category.LAUNCHER" />
35-->src\main\AndroidManifest.xml:26:17-77
35-->src\main\AndroidManifest.xml:26:27-74
36            </intent-filter>
37        </activity>
38        <activity
38-->src\main\AndroidManifest.xml:29:9-33:58
39            android:name="com.example.snackordering.TargetActivity"
39-->src\main\AndroidManifest.xml:30:13-43
40            android:exported="false"
40-->src\main\AndroidManifest.xml:31:13-37
41            android:label="@string/title_activity_target"
41-->src\main\AndroidManifest.xml:32:13-58
42            android:theme="@style/Theme.SnackOrdering" />
42-->src\main\AndroidManifest.xml:33:13-55
43        <activity
43-->src\main\AndroidManifest.xml:34:9-38:58
44            android:name="com.example.snackordering.MainPage"
44-->src\main\AndroidManifest.xml:35:13-37
45            android:exported="false"
45-->src\main\AndroidManifest.xml:36:13-37
46            android:label="@string/title_activity_main_page"
46-->src\main\AndroidManifest.xml:37:13-61
47            android:theme="@style/Theme.SnackOrdering" />
47-->src\main\AndroidManifest.xml:38:13-55
48        <activity
48-->src\main\AndroidManifest.xml:39:9-43:58
49            android:name="com.example.snackordering.MainActivity"
49-->src\main\AndroidManifest.xml:40:13-41
50            android:exported="false"
50-->src\main\AndroidManifest.xml:41:13-37
51            android:label="MainActivity"
51-->src\main\AndroidManifest.xml:42:13-41
52            android:theme="@style/Theme.SnackOrdering" />
52-->src\main\AndroidManifest.xml:43:13-55
53
54        <service
54-->[androidx.room:room-runtime:2.5.0] AndroidManifest.xml:24:9-28:63
55            android:name="androidx.room.MultiInstanceInvalidationService"
55-->[androidx.room:room-runtime:2.5.0] AndroidManifest.xml:25:13-74
56            android:directBootAware="true"
56-->[androidx.room:room-runtime:2.5.0] AndroidManifest.xml:26:13-43
57            android:exported="false" />
57-->[androidx.room:room-runtime:2.5.0] AndroidManifest.xml:27:13-37
58
59        <activity
59-->[androidx.compose.ui:ui-tooling:1.2.0] AndroidManifest.xml:24:9-26:39
60            android:name="androidx.compose.ui.tooling.PreviewActivity"
60-->[androidx.compose.ui:ui-tooling:1.2.0] AndroidManifest.xml:25:13-71
61            android:exported="true" />
61-->[androidx.compose.ui:ui-tooling:1.2.0] AndroidManifest.xml:26:13-36
62        <activity
62-->[androidx.compose.ui:ui-test-manifest:1.2.0] AndroidManifest.xml:24:9-26:39
63            android:name="androidx.activity.ComponentActivity"
63-->[androidx.compose.ui:ui-test-manifest:1.2.0] AndroidManifest.xml:25:13-63
64            android:exported="true" />
64-->[androidx.compose.ui:ui-test-manifest:1.2.0] AndroidManifest.xml:26:13-36
65
66        <provider
66-->[androidx.profileinstaller:profileinstaller:1.2.0] AndroidManifest.xml:25:9-33:20
67            android:name="androidx.startup.InitializationProvider"
67-->[androidx.profileinstaller:profileinstaller:1.2.0] AndroidManifest.xml:26:13-67
68            android:authorities="com.example.snackordering.androidx-startup"
68-->[androidx.profileinstaller:profileinstaller:1.2.0] AndroidManifest.xml:27:13-68
69            android:exported="false" >
69-->[androidx.profileinstaller:profileinstaller:1.2.0] AndroidManifest.xml:28:13-37
70            <meta-data
70-->[androidx.profileinstaller:profileinstaller:1.2.0] AndroidManifest.xml:30:13-32:52
71                android:name="androidx.profileinstaller.ProfileInstallerInitializer"
71-->[androidx.profileinstaller:profileinstaller:1.2.0] AndroidManifest.xml:31:17-85
72                android:value="androidx.startup" />
72-->[androidx.profileinstaller:profileinstaller:1.2.0] AndroidManifest.xml:32:17-49
73        </provider>
74
75        <receiver
75-->[androidx.profileinstaller:profileinstaller:1.2.0] AndroidManifest.xml:35:9-47:20
76            android:name="androidx.profileinstaller.ProfileInstallReceiver"
76-->[androidx.profileinstaller:profileinstaller:1.2.0] AndroidManifest.xml:36:13-76
77            android:directBootAware="false"
77-->[androidx.profileinstaller:profileinstaller:1.2.0] AndroidManifest.xml:37:13-44
78            android:enabled="true"
78-->[androidx.profileinstaller:profileinstaller:1.2.0] AndroidManifest.xml:38:13-35
79            android:exported="true"
79-->[androidx.profileinstaller:profileinstaller:1.2.0] AndroidManifest.xml:39:13-36
80            android:permission="android.permission.DUMP" >
80-->[androidx.profileinstaller:profileinstaller:1.2.0] AndroidManifest.xml:40:13-57
81            <intent-filter>
81-->[androidx.profileinstaller:profileinstaller:1.2.0] AndroidManifest.xml:41:13-43:29
82                <action android:name="androidx.profileinstaller.action.INSTALL_PROFILE" />
82-->[androidx.profileinstaller:profileinstaller:1.2.0] AndroidManifest.xml:42:17-91
82-->[androidx.profileinstaller:profileinstaller:1.2.0] AndroidManifest.xml:42:25-88
83            </intent-filter>
84            <intent-filter>
84-->[androidx.profileinstaller:profileinstaller:1.2.0] AndroidManifest.xml:44:13-46:29
85                <action android:name="androidx.profileinstaller.action.SKIP_FILE" />
85-->[androidx.profileinstaller:profileinstaller:1.2.0] AndroidManifest.xml:45:17-85
85-->[androidx.profileinstaller:profileinstaller:1.2.0] AndroidManifest.xml:45:25-82
86            </intent-filter>
87        </receiver>
88    </application>
89
90</manifest>